<?xml version="1.0" encoding="UTF-8" ?>
<testsuite failures="0" time="2.433" errors="0" skipped="0" tests="9" name="com.wedding.domain.RsvpIntegrationTest">
  <properties>
    <property name="java.runtime.name" value="Java(TM) SE Runtime Environment"/>
    <property name="sun.boot.library.path" value="/opt/common/java/jdk1.6.0_21/jre/lib/i386"/>
    <property name="java.vm.version" value="17.0-b16"/>
    <property name="java.vm.vendor" value="Sun Microsystems Inc."/>
    <property name="java.vendor.url" value="http://java.sun.com/"/>
    <property name="path.separator" value=":"/>
    <property name="java.vm.name" value="Java HotSpot(TM) Server VM"/>
    <property name="file.encoding.pkg" value="sun.io"/>
    <property name="user.country" value="SG"/>
    <property name="sun.java.launcher" value="SUN_STANDARD"/>
    <property name="sun.os.patch.level" value="unknown"/>
    <property name="java.vm.specification.name" value="Java Virtual Machine Specification"/>
    <property name="user.dir" value="/home/cheehoo/testGit/testprojectX/wedding"/>
    <property name="java.runtime.version" value="1.6.0_21-b06"/>
    <property name="java.awt.graphicsenv" value="sun.awt.X11GraphicsEnvironment"/>
    <property name="basedir" value="/home/cheehoo/testGit/testprojectX/wedding"/>
    <property name="java.endorsed.dirs" value="/opt/common/java/jdk1.6.0_21/jre/lib/endorsed"/>
    <property name="os.arch" value="i386"/>
    <property name="surefire.real.class.path" value="/tmp/surefirebooter6572063149636945515.jar"/>
    <property name="java.io.tmpdir" value="/tmp"/>
    <property name="line.separator" value="
"/>
    <property name="java.vm.specification.vendor" value="Sun Microsystems Inc."/>
    <property name="os.name" value="Linux"/>
    <property name="sun.jnu.encoding" value="UTF-8"/>
    <property name="java.library.path" value="/opt/common/java/jdk1.6.0_21/jre/lib/i386/server:/opt/common/java/jdk1.6.0_21/jre/lib/i386:/opt/common/java/jdk1.6.0_21/jre/../lib/i386:/usr/java/packages/lib/i386:/lib:/usr/lib"/>
    <property name="surefire.test.class.path" value="/home/cheehoo/testGit/testprojectX/wedding/target/test-classes:/home/cheehoo/testGit/testprojectX/wedding/target/classes:/home/cheehoo/.m2/repository/org/junit/com.springsource.org.junit/4.7.0/com.springsource.org.junit-4.7.0.jar:/home/cheehoo/.m2/repository/org/apache/log4j/com.springsource.org.apache.log4j/1.2.15/com.springsource.org.apache.log4j-1.2.15.jar:/home/cheehoo/.m2/repository/org/apache/commons/com.springsource.org.apache.commons.logging/1.1.1/com.springsource.org.apache.commons.logging-1.1.1.jar:/home/cheehoo/.m2/repository/org/aspectj/com.springsource.org.aspectj.runtime/1.6.6.RELEASE/com.springsource.org.aspectj.runtime-1.6.6.RELEASE.jar:/home/cheehoo/.m2/repository/javax/servlet/com.springsource.javax.servlet/2.5.0/com.springsource.javax.servlet-2.5.0.jar:/home/cheehoo/.m2/repository/org/springframework/roo/org.springframework.roo.annotations/1.0.2.RELEASE/org.springframework.roo.annotations-1.0.2.RELEASE.jar:/home/cheehoo/.m2/repository/org/springframework/org.springframework.core/3.0.0.RELEASE/org.springframework.core-3.0.0.RELEASE.jar:/home/cheehoo/.m2/repository/org/springframework/org.springframework.test/3.0.0.RELEASE/org.springframework.test-3.0.0.RELEASE.jar:/home/cheehoo/.m2/repository/org/springframework/org.springframework.context/3.0.0.RELEASE/org.springframework.context-3.0.0.RELEASE.jar:/home/cheehoo/.m2/repository/org/springframework/org.springframework.asm/3.0.0.RELEASE/org.springframework.asm-3.0.0.RELEASE.jar:/home/cheehoo/.m2/repository/org/springframework/org.springframework.aop/3.0.0.RELEASE/org.springframework.aop-3.0.0.RELEASE.jar:/home/cheehoo/.m2/repository/org/aopalliance/com.springsource.org.aopalliance/1.0.0/com.springsource.org.aopalliance-1.0.0.jar:/home/cheehoo/.m2/repository/org/springframework/org.springframework.beans/3.0.0.RELEASE/org.springframework.beans-3.0.0.RELEASE.jar:/home/cheehoo/.m2/repository/org/springframework/org.springframework.expression/3.0.0.RELEASE/org.springframework.expression-3.0.0.RELEASE.jar:/home/cheehoo/.m2/repository/org/springframework/org.springframework.aspects/3.0.0.RELEASE/org.springframework.aspects-3.0.0.RELEASE.jar:/home/cheehoo/.m2/repository/org/springframework/org.springframework.transaction/3.0.0.RELEASE/org.springframework.transaction-3.0.0.RELEASE.jar:/home/cheehoo/.m2/repository/org/hsqldb/com.springsource.org.hsqldb/1.8.0.9/com.springsource.org.hsqldb-1.8.0.9.jar:/home/cheehoo/.m2/repository/org/hibernate/com.springsource.org.hibernate.annotations/3.3.1.ga/com.springsource.org.hibernate.annotations-3.3.1.ga.jar:/home/cheehoo/.m2/repository/org/hibernate/com.springsource.org.hibernate.ejb/3.3.2.GA/com.springsource.org.hibernate.ejb-3.3.2.GA.jar:/home/cheehoo/.m2/repository/org/jboss/javassist/com.springsource.javassist/3.3.0.ga/com.springsource.javassist-3.3.0.ga.jar:/home/cheehoo/.m2/repository/org/dom4j/com.springsource.org.dom4j/1.6.1/com.springsource.org.dom4j-1.6.1.jar:/home/cheehoo/.m2/repository/org/hibernate/com.springsource.org.hibernate/3.2.6.ga/com.springsource.org.hibernate-3.2.6.ga.jar:/home/cheehoo/.m2/repository/org/apache/commons/com.springsource.org.apache.commons.collections/3.2.0/com.springsource.org.apache.commons.collections-3.2.0.jar:/home/cheehoo/.m2/repository/org/antlr/com.springsource.antlr/2.7.6/com.springsource.antlr-2.7.6.jar:/home/cheehoo/.m2/repository/net/sourceforge/cglib/com.springsource.net.sf.cglib/2.1.3/com.springsource.net.sf.cglib-2.1.3.jar:/home/cheehoo/.m2/repository/org/objectweb/asm/com.springsource.org.objectweb.asm/1.5.3/com.springsource.org.objectweb.asm-1.5.3.jar:/home/cheehoo/.m2/repository/org/objectweb/asm/com.springsource.org.objectweb.asm.attrs/1.5.3/com.springsource.org.objectweb.asm.attrs-1.5.3.jar:/home/cheehoo/.m2/repository/org/hibernate/com.springsource.org.hibernate.annotations.common/3.3.0.ga/com.springsource.org.hibernate.annotations.common-3.3.0.ga.jar:/home/cheehoo/.m2/repository/org/jboss/util/com.springsource.org.jboss.util/2.0.4.GA/com.springsource.org.jboss.util-2.0.4.GA.jar:/home/cheehoo/.m2/repository/edu/oswego/cs/concurrent/com.springsource.edu.oswego.cs.dl.util.concurrent/1.3.4/com.springsource.edu.oswego.cs.dl.util.concurrent-1.3.4.jar:/home/cheehoo/.m2/repository/net/sourceforge/ehcache/com.springsource.net.sf.ehcache/1.4.1/com.springsource.net.sf.ehcache-1.4.1.jar:/home/cheehoo/.m2/repository/net/sourceforge/jsr107cache/com.springsource.net.sf.jsr107cache/1.0.0/com.springsource.net.sf.jsr107cache-1.0.0.jar:/home/cheehoo/.m2/repository/edu/emory/mathcs/backport/com.springsource.edu.emory.mathcs.backport/3.1.0/com.springsource.edu.emory.mathcs.backport-3.1.0.jar:/home/cheehoo/.m2/repository/org/slf4j/com.springsource.slf4j.log4j/1.5.6/com.springsource.slf4j.log4j-1.5.6.jar:/home/cheehoo/.m2/repository/org/slf4j/com.springsource.slf4j.api/1.5.6/com.springsource.slf4j.api-1.5.6.jar:/home/cheehoo/.m2/repository/javax/persistence/com.springsource.javax.persistence/1.0.0/com.springsource.javax.persistence-1.0.0.jar:/home/cheehoo/.m2/repository/org/hibernate/com.springsource.org.hibernate.validator/4.0.0.GA/com.springsource.org.hibernate.validator-4.0.0.GA.jar:/home/cheehoo/.m2/repository/javax/validation/com.springsource.javax.validation/1.0.0.GA/com.springsource.javax.validation-1.0.0.GA.jar:/home/cheehoo/.m2/repository/javax/transaction/com.springsource.javax.transaction/1.1.0/com.springsource.javax.transaction-1.1.0.jar:/home/cheehoo/.m2/repository/org/apache/commons/com.springsource.org.apache.commons.dbcp/1.2.2.osgi/com.springsource.org.apache.commons.dbcp-1.2.2.osgi.jar:/home/cheehoo/.m2/repository/org/apache/commons/com.springsource.org.apache.commons.pool/1.3.0/com.springsource.org.apache.commons.pool-1.3.0.jar:/home/cheehoo/.m2/repository/org/springframework/org.springframework.jdbc/3.0.0.RELEASE/org.springframework.jdbc-3.0.0.RELEASE.jar:/home/cheehoo/.m2/repository/org/springframework/org.springframework.orm/3.0.0.RELEASE/org.springframework.orm-3.0.0.RELEASE.jar:/home/cheehoo/.m2/repository/org/springframework/org.springframework.web/3.0.0.RELEASE/org.springframework.web-3.0.0.RELEASE.jar:/home/cheehoo/.m2/repository/org/springframework/org.springframework.web.servlet/3.0.0.RELEASE/org.springframework.web.servlet-3.0.0.RELEASE.jar:/home/cheehoo/.m2/repository/org/springframework/webflow/org.springframework.js/2.0.8.RELEASE/org.springframework.js-2.0.8.RELEASE.jar:/home/cheehoo/.m2/repository/org/apache/commons/com.springsource.org.apache.commons.fileupload/1.2.0/com.springsource.org.apache.commons.fileupload-1.2.0.jar:/home/cheehoo/.m2/repository/org/apache/commons/com.springsource.org.apache.commons.io/1.4.0/com.springsource.org.apache.commons.io-1.4.0.jar:/home/cheehoo/.m2/repository/org/tuckey/com.springsource.org.tuckey.web.filters.urlrewrite/3.1.0/com.springsource.org.tuckey.web.filters.urlrewrite-3.1.0.jar:/home/cheehoo/.m2/repository/javax/servlet/com.springsource.javax.servlet.jsp.jstl/1.2.0/com.springsource.javax.servlet.jsp.jstl-1.2.0.jar:/home/cheehoo/.m2/repository/org/apache/taglibs/com.springsource.org.apache.taglibs.standard/1.1.2/com.springsource.org.apache.taglibs.standard-1.1.2.jar:/home/cheehoo/.m2/repository/org/apache/el/com.springsource.org.apache.el/6.0.20/com.springsource.org.apache.el-6.0.20.jar:/home/cheehoo/.m2/repository/org/joda/com.springsource.org.joda.time/1.6.0/com.springsource.org.joda.time-1.6.0.jar:/home/cheehoo/.m2/repository/org/apache/tiles/com.springsource.org.apache.tiles/2.1.3/com.springsource.org.apache.tiles-2.1.3.jar:/home/cheehoo/.m2/repository/org/apache/tiles/com.springsource.org.apache.tiles.jsp/2.1.3/com.springsource.org.apache.tiles.jsp-2.1.3.jar:/home/cheehoo/.m2/repository/org/apache/tiles/com.springsource.org.apache.tiles.core/2.1.3/com.springsource.org.apache.tiles.core-2.1.3.jar:/home/cheehoo/.m2/repository/org/apache/commons/com.springsource.org.apache.commons.digester/1.8.1/com.springsource.org.apache.commons.digester-1.8.1.jar:/home/cheehoo/.m2/repository/org/apache/commons/com.springsource.org.apache.commons.beanutils/1.8.0/com.springsource.org.apache.commons.beanutils-1.8.0.jar:/home/cheehoo/.m2/repository/org/apache/tiles/com.springsource.org.apache.tiles.servlet/2.1.3/com.springsource.org.apache.tiles.servlet-2.1.3.jar:/home/cheehoo/.m2/repository/org/springframework/security/org.springframework.security.core/3.0.0.RELEASE/org.springframework.security.core-3.0.0.RELEASE.jar:/home/cheehoo/.m2/repository/org/springframework/security/org.springframework.security.config/3.0.0.RELEASE/org.springframework.security.config-3.0.0.RELEASE.jar:/home/cheehoo/.m2/repository/org/springframework/security/org.springframework.security.web/3.0.0.RELEASE/org.springframework.security.web-3.0.0.RELEASE.jar:/home/cheehoo/.m2/repository/org/springframework/security/org.springframework.security.taglibs/3.0.0.RELEASE/org.springframework.security.taglibs-3.0.0.RELEASE.jar:/home/cheehoo/.m2/repository/org/springframework/org.springframework.context.support/3.0.0.RELEASE/org.springframework.context.support-3.0.0.RELEASE.jar:/home/cheehoo/.m2/repository/javax/mail/com.springsource.javax.mail/1.4.1/com.springsource.javax.mail-1.4.1.jar:/home/cheehoo/.m2/repository/javax/activation/com.springsource.javax.activation/1.1.1/com.springsource.javax.activation-1.1.1.jar:/home/cheehoo/.m2/repository/org/apache/maven/scm/maven-scm-provider-gitexe/1.5/maven-scm-provider-gitexe-1.5.jar:/home/cheehoo/.m2/repository/regexp/regexp/1.3/regexp-1.3.jar:/home/cheehoo/.m2/repository/org/apache/maven/scm/maven-scm-provider-git-commons/1.5/maven-scm-provider-git-commons-1.5.jar:/home/cheehoo/.m2/repository/org/apache/maven/scm/maven-scm-api/1.5/maven-scm-api-1.5.jar:/home/cheehoo/.m2/repository/org/codehaus/plexus/plexus-utils/2.0.5/plexus-utils-2.0.5.jar:"/>
    <property name="java.specification.name" value="Java Platform API Specification"/>
    <property name="java.class.version" value="50.0"/>
    <property name="sun.management.compiler" value="HotSpot Tiered Compilers"/>
    <property name="os.version" value="2.6.32-25-generic"/>
    <property name="user.home" value="/home/cheehoo"/>
    <property name="user.timezone" value="Asia/Singapore"/>
    <property name="java.awt.printerjob" value="sun.print.PSPrinterJob"/>
    <property name="file.encoding" value="UTF-8"/>
    <property name="java.specification.version" value="1.6"/>
    <property name="user.name" value="cheehoo"/>
    <property name="java.class.path" value="/home/cheehoo/testGit/testprojectX/wedding/target/test-classes:/home/cheehoo/testGit/testprojectX/wedding/target/classes:/home/cheehoo/.m2/repository/org/junit/com.springsource.org.junit/4.7.0/com.springsource.org.junit-4.7.0.jar:/home/cheehoo/.m2/repository/org/apache/log4j/com.springsource.org.apache.log4j/1.2.15/com.springsource.org.apache.log4j-1.2.15.jar:/home/cheehoo/.m2/repository/org/apache/commons/com.springsource.org.apache.commons.logging/1.1.1/com.springsource.org.apache.commons.logging-1.1.1.jar:/home/cheehoo/.m2/repository/org/aspectj/com.springsource.org.aspectj.runtime/1.6.6.RELEASE/com.springsource.org.aspectj.runtime-1.6.6.RELEASE.jar:/home/cheehoo/.m2/repository/javax/servlet/com.springsource.javax.servlet/2.5.0/com.springsource.javax.servlet-2.5.0.jar:/home/cheehoo/.m2/repository/org/springframework/roo/org.springframework.roo.annotations/1.0.2.RELEASE/org.springframework.roo.annotations-1.0.2.RELEASE.jar:/home/cheehoo/.m2/repository/org/springframework/org.springframework.core/3.0.0.RELEASE/org.springframework.core-3.0.0.RELEASE.jar:/home/cheehoo/.m2/repository/org/springframework/org.springframework.test/3.0.0.RELEASE/org.springframework.test-3.0.0.RELEASE.jar:/home/cheehoo/.m2/repository/org/springframework/org.springframework.context/3.0.0.RELEASE/org.springframework.context-3.0.0.RELEASE.jar:/home/cheehoo/.m2/repository/org/springframework/org.springframework.asm/3.0.0.RELEASE/org.springframework.asm-3.0.0.RELEASE.jar:/home/cheehoo/.m2/repository/org/springframework/org.springframework.aop/3.0.0.RELEASE/org.springframework.aop-3.0.0.RELEASE.jar:/home/cheehoo/.m2/repository/org/aopalliance/com.springsource.org.aopalliance/1.0.0/com.springsource.org.aopalliance-1.0.0.jar:/home/cheehoo/.m2/repository/org/springframework/org.springframework.beans/3.0.0.RELEASE/org.springframework.beans-3.0.0.RELEASE.jar:/home/cheehoo/.m2/repository/org/springframework/org.springframework.expression/3.0.0.RELEASE/org.springframework.expression-3.0.0.RELEASE.jar:/home/cheehoo/.m2/repository/org/springframework/org.springframework.aspects/3.0.0.RELEASE/org.springframework.aspects-3.0.0.RELEASE.jar:/home/cheehoo/.m2/repository/org/springframework/org.springframework.transaction/3.0.0.RELEASE/org.springframework.transaction-3.0.0.RELEASE.jar:/home/cheehoo/.m2/repository/org/hsqldb/com.springsource.org.hsqldb/1.8.0.9/com.springsource.org.hsqldb-1.8.0.9.jar:/home/cheehoo/.m2/repository/org/hibernate/com.springsource.org.hibernate.annotations/3.3.1.ga/com.springsource.org.hibernate.annotations-3.3.1.ga.jar:/home/cheehoo/.m2/repository/org/hibernate/com.springsource.org.hibernate.ejb/3.3.2.GA/com.springsource.org.hibernate.ejb-3.3.2.GA.jar:/home/cheehoo/.m2/repository/org/jboss/javassist/com.springsource.javassist/3.3.0.ga/com.springsource.javassist-3.3.0.ga.jar:/home/cheehoo/.m2/repository/org/dom4j/com.springsource.org.dom4j/1.6.1/com.springsource.org.dom4j-1.6.1.jar:/home/cheehoo/.m2/repository/org/hibernate/com.springsource.org.hibernate/3.2.6.ga/com.springsource.org.hibernate-3.2.6.ga.jar:/home/cheehoo/.m2/repository/org/apache/commons/com.springsource.org.apache.commons.collections/3.2.0/com.springsource.org.apache.commons.collections-3.2.0.jar:/home/cheehoo/.m2/repository/org/antlr/com.springsource.antlr/2.7.6/com.springsource.antlr-2.7.6.jar:/home/cheehoo/.m2/repository/net/sourceforge/cglib/com.springsource.net.sf.cglib/2.1.3/com.springsource.net.sf.cglib-2.1.3.jar:/home/cheehoo/.m2/repository/org/objectweb/asm/com.springsource.org.objectweb.asm/1.5.3/com.springsource.org.objectweb.asm-1.5.3.jar:/home/cheehoo/.m2/repository/org/objectweb/asm/com.springsource.org.objectweb.asm.attrs/1.5.3/com.springsource.org.objectweb.asm.attrs-1.5.3.jar:/home/cheehoo/.m2/repository/org/hibernate/com.springsource.org.hibernate.annotations.common/3.3.0.ga/com.springsource.org.hibernate.annotations.common-3.3.0.ga.jar:/home/cheehoo/.m2/repository/org/jboss/util/com.springsource.org.jboss.util/2.0.4.GA/com.springsource.org.jboss.util-2.0.4.GA.jar:/home/cheehoo/.m2/repository/edu/oswego/cs/concurrent/com.springsource.edu.oswego.cs.dl.util.concurrent/1.3.4/com.springsource.edu.oswego.cs.dl.util.concurrent-1.3.4.jar:/home/cheehoo/.m2/repository/net/sourceforge/ehcache/com.springsource.net.sf.ehcache/1.4.1/com.springsource.net.sf.ehcache-1.4.1.jar:/home/cheehoo/.m2/repository/net/sourceforge/jsr107cache/com.springsource.net.sf.jsr107cache/1.0.0/com.springsource.net.sf.jsr107cache-1.0.0.jar:/home/cheehoo/.m2/repository/edu/emory/mathcs/backport/com.springsource.edu.emory.mathcs.backport/3.1.0/com.springsource.edu.emory.mathcs.backport-3.1.0.jar:/home/cheehoo/.m2/repository/org/slf4j/com.springsource.slf4j.log4j/1.5.6/com.springsource.slf4j.log4j-1.5.6.jar:/home/cheehoo/.m2/repository/org/slf4j/com.springsource.slf4j.api/1.5.6/com.springsource.slf4j.api-1.5.6.jar:/home/cheehoo/.m2/repository/javax/persistence/com.springsource.javax.persistence/1.0.0/com.springsource.javax.persistence-1.0.0.jar:/home/cheehoo/.m2/repository/org/hibernate/com.springsource.org.hibernate.validator/4.0.0.GA/com.springsource.org.hibernate.validator-4.0.0.GA.jar:/home/cheehoo/.m2/repository/javax/validation/com.springsource.javax.validation/1.0.0.GA/com.springsource.javax.validation-1.0.0.GA.jar:/home/cheehoo/.m2/repository/javax/transaction/com.springsource.javax.transaction/1.1.0/com.springsource.javax.transaction-1.1.0.jar:/home/cheehoo/.m2/repository/org/apache/commons/com.springsource.org.apache.commons.dbcp/1.2.2.osgi/com.springsource.org.apache.commons.dbcp-1.2.2.osgi.jar:/home/cheehoo/.m2/repository/org/apache/commons/com.springsource.org.apache.commons.pool/1.3.0/com.springsource.org.apache.commons.pool-1.3.0.jar:/home/cheehoo/.m2/repository/org/springframework/org.springframework.jdbc/3.0.0.RELEASE/org.springframework.jdbc-3.0.0.RELEASE.jar:/home/cheehoo/.m2/repository/org/springframework/org.springframework.orm/3.0.0.RELEASE/org.springframework.orm-3.0.0.RELEASE.jar:/home/cheehoo/.m2/repository/org/springframework/org.springframework.web/3.0.0.RELEASE/org.springframework.web-3.0.0.RELEASE.jar:/home/cheehoo/.m2/repository/org/springframework/org.springframework.web.servlet/3.0.0.RELEASE/org.springframework.web.servlet-3.0.0.RELEASE.jar:/home/cheehoo/.m2/repository/org/springframework/webflow/org.springframework.js/2.0.8.RELEASE/org.springframework.js-2.0.8.RELEASE.jar:/home/cheehoo/.m2/repository/org/apache/commons/com.springsource.org.apache.commons.fileupload/1.2.0/com.springsource.org.apache.commons.fileupload-1.2.0.jar:/home/cheehoo/.m2/repository/org/apache/commons/com.springsource.org.apache.commons.io/1.4.0/com.springsource.org.apache.commons.io-1.4.0.jar:/home/cheehoo/.m2/repository/org/tuckey/com.springsource.org.tuckey.web.filters.urlrewrite/3.1.0/com.springsource.org.tuckey.web.filters.urlrewrite-3.1.0.jar:/home/cheehoo/.m2/repository/javax/servlet/com.springsource.javax.servlet.jsp.jstl/1.2.0/com.springsource.javax.servlet.jsp.jstl-1.2.0.jar:/home/cheehoo/.m2/repository/org/apache/taglibs/com.springsource.org.apache.taglibs.standard/1.1.2/com.springsource.org.apache.taglibs.standard-1.1.2.jar:/home/cheehoo/.m2/repository/org/apache/el/com.springsource.org.apache.el/6.0.20/com.springsource.org.apache.el-6.0.20.jar:/home/cheehoo/.m2/repository/org/joda/com.springsource.org.joda.time/1.6.0/com.springsource.org.joda.time-1.6.0.jar:/home/cheehoo/.m2/repository/org/apache/tiles/com.springsource.org.apache.tiles/2.1.3/com.springsource.org.apache.tiles-2.1.3.jar:/home/cheehoo/.m2/repository/org/apache/tiles/com.springsource.org.apache.tiles.jsp/2.1.3/com.springsource.org.apache.tiles.jsp-2.1.3.jar:/home/cheehoo/.m2/repository/org/apache/tiles/com.springsource.org.apache.tiles.core/2.1.3/com.springsource.org.apache.tiles.core-2.1.3.jar:/home/cheehoo/.m2/repository/org/apache/commons/com.springsource.org.apache.commons.digester/1.8.1/com.springsource.org.apache.commons.digester-1.8.1.jar:/home/cheehoo/.m2/repository/org/apache/commons/com.springsource.org.apache.commons.beanutils/1.8.0/com.springsource.org.apache.commons.beanutils-1.8.0.jar:/home/cheehoo/.m2/repository/org/apache/tiles/com.springsource.org.apache.tiles.servlet/2.1.3/com.springsource.org.apache.tiles.servlet-2.1.3.jar:/home/cheehoo/.m2/repository/org/springframework/security/org.springframework.security.core/3.0.0.RELEASE/org.springframework.security.core-3.0.0.RELEASE.jar:/home/cheehoo/.m2/repository/org/springframework/security/org.springframework.security.config/3.0.0.RELEASE/org.springframework.security.config-3.0.0.RELEASE.jar:/home/cheehoo/.m2/repository/org/springframework/security/org.springframework.security.web/3.0.0.RELEASE/org.springframework.security.web-3.0.0.RELEASE.jar:/home/cheehoo/.m2/repository/org/springframework/security/org.springframework.security.taglibs/3.0.0.RELEASE/org.springframework.security.taglibs-3.0.0.RELEASE.jar:/home/cheehoo/.m2/repository/org/springframework/org.springframework.context.support/3.0.0.RELEASE/org.springframework.context.support-3.0.0.RELEASE.jar:/home/cheehoo/.m2/repository/javax/mail/com.springsource.javax.mail/1.4.1/com.springsource.javax.mail-1.4.1.jar:/home/cheehoo/.m2/repository/javax/activation/com.springsource.javax.activation/1.1.1/com.springsource.javax.activation-1.1.1.jar:/home/cheehoo/.m2/repository/org/apache/maven/scm/maven-scm-provider-gitexe/1.5/maven-scm-provider-gitexe-1.5.jar:/home/cheehoo/.m2/repository/regexp/regexp/1.3/regexp-1.3.jar:/home/cheehoo/.m2/repository/org/apache/maven/scm/maven-scm-provider-git-commons/1.5/maven-scm-provider-git-commons-1.5.jar:/home/cheehoo/.m2/repository/org/apache/maven/scm/maven-scm-api/1.5/maven-scm-api-1.5.jar:/home/cheehoo/.m2/repository/org/codehaus/plexus/plexus-utils/2.0.5/plexus-utils-2.0.5.jar:"/>
    <property name="java.vm.specification.version" value="1.0"/>
    <property name="sun.arch.data.model" value="32"/>
    <property name="java.home" value="/opt/common/java/jdk1.6.0_21/jre"/>
    <property name="java.specification.vendor" value="Sun Microsystems Inc."/>
    <property name="user.language" value="en"/>
    <property name="java.vm.info" value="mixed mode"/>
    <property name="java.version" value="1.6.0_21"/>
    <property name="java.ext.dirs" value="/opt/common/java/jdk1.6.0_21/jre/lib/ext:/usr/java/packages/lib/ext"/>
    <property name="sun.boot.class.path" value="/opt/common/java/jdk1.6.0_21/jre/lib/resources.jar:/opt/common/java/jdk1.6.0_21/jre/lib/rt.jar:/opt/common/java/jdk1.6.0_21/jre/lib/sunrsasign.jar:/opt/common/java/jdk1.6.0_21/jre/lib/jsse.jar:/opt/common/java/jdk1.6.0_21/jre/lib/jce.jar:/opt/common/java/jdk1.6.0_21/jre/lib/charsets.jar:/opt/common/java/jdk1.6.0_21/jre/classes"/>
    <property name="java.vendor" value="Sun Microsystems Inc."/>
    <property name="localRepository" value="/home/cheehoo/.m2/repository"/>
    <property name="file.separator" value="/"/>
    <property name="java.vendor.url.bug" value="http://java.sun.com/cgi-bin/bugreport.cgi"/>
    <property name="sun.cpu.endian" value="little"/>
    <property name="sun.io.unicode.encoding" value="UnicodeLittle"/>
    <property name="sun.desktop" value="gnome"/>
    <property name="sun.cpu.isalist" value=""/>
  </properties>
  <testcase time="2.036" classname="com.wedding.domain.RsvpIntegrationTest" name="testMarkerMethod"/>
  <testcase time="0.279" classname="com.wedding.domain.RsvpIntegrationTest" name="testCountRsvps"/>
  <testcase time="0.02" classname="com.wedding.domain.RsvpIntegrationTest" name="testFindRsvp"/>
  <testcase time="0.017" classname="com.wedding.domain.RsvpIntegrationTest" name="testFindAllRsvps"/>
  <testcase time="0.01" classname="com.wedding.domain.RsvpIntegrationTest" name="testFindRsvpEntries"/>
  <testcase time="0.012" classname="com.wedding.domain.RsvpIntegrationTest" name="testFlush"/>
  <testcase time="0.01" classname="com.wedding.domain.RsvpIntegrationTest" name="testMerge"/>
  <testcase time="0.007" classname="com.wedding.domain.RsvpIntegrationTest" name="testPersist"/>
  <testcase time="0.01" classname="com.wedding.domain.RsvpIntegrationTest" name="testRemove"/>
</testsuite>